<?xml version="1.0" encoding="UTF-8"?>
<!-- Generated by org.testng.reporters.JUnitReportReporter -->
<testsuite hostname="commuqa02" failures="0" tests="1" name="Test.Login" time="19.750" errors="0" timestamp="2024-11-25T12:53:04 IST" skipped="0">
  <testcase classname="Test.Login" name="ConnectWeb" time="19.750"/>
</testsuite> <!-- Test.Login -->
